  bb.cpp
c:\users\vivienne\documents\visual studio 2015\projects\win32project5\win32project5\bb.cpp(111): warning C4996: 'strcat': This function or variable may be unsafe. Consider using strcat_s instead. To disable deprecation, use _CRT_SECURE_NO_WARNINGS. See online help for details.
  c:\program files (x86)\windows kits\10\include\10.0.10240.0\ucrt\string.h(90): note: 'strcat' 선언을 참조하십시오.
c:\users\vivienne\documents\visual studio 2015\projects\win32project5\win32project5\bb.cpp(112): warning C4996: 'strcat': This function or variable may be unsafe. Consider using strcat_s instead. To disable deprecation, use _CRT_SECURE_NO_WARNINGS. See online help for details.
  c:\program files (x86)\windows kits\10\include\10.0.10240.0\ucrt\string.h(90): note: 'strcat' 선언을 참조하십시오.
c:\users\vivienne\documents\visual studio 2015\projects\win32project5\win32project5\bb.cpp(113): warning C4996: 'strcat': This function or variable may be unsafe. Consider using strcat_s instead. To disable deprecation, use _CRT_SECURE_NO_WARNINGS. See online help for details.
  c:\program files (x86)\windows kits\10\include\10.0.10240.0\ucrt\string.h(90): note: 'strcat' 선언을 참조하십시오.
c:\users\vivienne\documents\visual studio 2015\projects\win32project5\win32project5\bb.cpp(114): warning C4996: 'strcat': This function or variable may be unsafe. Consider using strcat_s instead. To disable deprecation, use _CRT_SECURE_NO_WARNINGS. See online help for details.
  c:\program files (x86)\windows kits\10\include\10.0.10240.0\ucrt\string.h(90): note: 'strcat' 선언을 참조하십시오.
c:\users\vivienne\documents\visual studio 2015\projects\win32project5\win32project5\bb.cpp(115): warning C4996: 'strcat': This function or variable may be unsafe. Consider using strcat_s instead. To disable deprecation, use _CRT_SECURE_NO_WARNINGS. See online help for details.
  c:\program files (x86)\windows kits\10\include\10.0.10240.0\ucrt\string.h(90): note: 'strcat' 선언을 참조하십시오.
c:\users\vivienne\documents\visual studio 2015\projects\win32project5\win32project5\bb.cpp(308): warning C4996: 'strncpy': This function or variable may be unsafe. Consider using strncpy_s instead. To disable deprecation, use _CRT_SECURE_NO_WARNINGS. See online help for details.
  c:\program files (x86)\windows kits\10\include\10.0.10240.0\ucrt\string.h(346): note: 'strncpy' 선언을 참조하십시오.
c:\users\vivienne\documents\visual studio 2015\projects\win32project5\win32project5\bb.cpp(521): warning C4996: 'strncpy': This function or variable may be unsafe. Consider using strncpy_s instead. To disable deprecation, use _CRT_SECURE_NO_WARNINGS. See online help for details.
  c:\program files (x86)\windows kits\10\include\10.0.10240.0\ucrt\string.h(346): note: 'strncpy' 선언을 참조하십시오.
c:\users\vivienne\documents\visual studio 2015\projects\win32project5\win32project5\bb.cpp(527): warning C4996: 'strncpy': This function or variable may be unsafe. Consider using strncpy_s instead. To disable deprecation, use _CRT_SECURE_NO_WARNINGS. See online help for details.
  c:\program files (x86)\windows kits\10\include\10.0.10240.0\ucrt\string.h(346): note: 'strncpy' 선언을 참조하십시오.
c:\users\vivienne\documents\visual studio 2015\projects\win32project5\win32project5\bb.cpp(531): warning C4996: 'strncpy': This function or variable may be unsafe. Consider using strncpy_s instead. To disable deprecation, use _CRT_SECURE_NO_WARNINGS. See online help for details.
  c:\program files (x86)\windows kits\10\include\10.0.10240.0\ucrt\string.h(346): note: 'strncpy' 선언을 참조하십시오.
c:\users\vivienne\documents\visual studio 2015\projects\win32project5\win32project5\bb.cpp(537): warning C4996: 'strncpy': This function or variable may be unsafe. Consider using strncpy_s instead. To disable deprecation, use _CRT_SECURE_NO_WARNINGS. See online help for details.
  c:\program files (x86)\windows kits\10\include\10.0.10240.0\ucrt\string.h(346): note: 'strncpy' 선언을 참조하십시오.
c:\users\vivienne\documents\visual studio 2015\projects\win32project5\win32project5\bb.cpp(544): warning C4996: 'strcpy': This function or variable may be unsafe. Consider using strcpy_s instead. To disable deprecation, use _CRT_SECURE_NO_WARNINGS. See online help for details.
  c:\program files (x86)\windows kits\10\include\10.0.10240.0\ucrt\string.h(119): note: 'strcpy' 선언을 참조하십시오.
c:\users\vivienne\documents\visual studio 2015\projects\win32project5\win32project5\bb.cpp(549): warning C4996: 'strcpy': This function or variable may be unsafe. Consider using strcpy_s instead. To disable deprecation, use _CRT_SECURE_NO_WARNINGS. See online help for details.
  c:\program files (x86)\windows kits\10\include\10.0.10240.0\ucrt\string.h(119): note: 'strcpy' 선언을 참조하십시오.
c:\users\vivienne\documents\visual studio 2015\projects\win32project5\win32project5\bb.cpp(553): warning C4996: 'strcpy': This function or variable may be unsafe. Consider using strcpy_s instead. To disable deprecation, use _CRT_SECURE_NO_WARNINGS. See online help for details.
  c:\program files (x86)\windows kits\10\include\10.0.10240.0\ucrt\string.h(119): note: 'strcpy' 선언을 참조하십시오.
c:\users\vivienne\documents\visual studio 2015\projects\win32project5\win32project5\bb.cpp(704): warning C4996: 'strcpy': This function or variable may be unsafe. Consider using strcpy_s instead. To disable deprecation, use _CRT_SECURE_NO_WARNINGS. See online help for details.
  c:\program files (x86)\windows kits\10\include\10.0.10240.0\ucrt\string.h(119): note: 'strcpy' 선언을 참조하십시오.
c:\users\vivienne\documents\visual studio 2015\projects\win32project5\win32project5\bb.cpp(889): warning C4996: 'strcat': This function or variable may be unsafe. Consider using strcat_s instead. To disable deprecation, use _CRT_SECURE_NO_WARNINGS. See online help for details.
  c:\program files (x86)\windows kits\10\include\10.0.10240.0\ucrt\string.h(90): note: 'strcat' 선언을 참조하십시오.
c:\users\vivienne\documents\visual studio 2015\projects\win32project5\win32project5\bb.cpp(890): warning C4996: 'strcat': This function or variable may be unsafe. Consider using strcat_s instead. To disable deprecation, use _CRT_SECURE_NO_WARNINGS. See online help for details.
  c:\program files (x86)\windows kits\10\include\10.0.10240.0\ucrt\string.h(90): note: 'strcat' 선언을 참조하십시오.
c:\users\vivienne\documents\visual studio 2015\projects\win32project5\win32project5\bb.cpp(899): warning C4996: 'strcat': This function or variable may be unsafe. Consider using strcat_s instead. To disable deprecation, use _CRT_SECURE_NO_WARNINGS. See online help for details.
  c:\program files (x86)\windows kits\10\include\10.0.10240.0\ucrt\string.h(90): note: 'strcat' 선언을 참조하십시오.
c:\users\vivienne\documents\visual studio 2015\projects\win32project5\win32project5\bb.cpp(819): warning C4101: 'bmi' :참조되지 않은 지역 변수입니다.
c:\users\vivienne\documents\visual studio 2015\projects\win32project5\win32project5\bb.cpp(821): warning C4101: 'bmih' :참조되지 않은 지역 변수입니다.
c:\users\vivienne\documents\visual studio 2015\projects\win32project5\win32project5\bb.cpp(813): warning C4101: 'cBitmap' :참조되지 않은 지역 변수입니다.
c:\users\vivienne\documents\visual studio 2015\projects\win32project5\win32project5\bb.cpp(838): warning C4101: 'hr' :참조되지 않은 지역 변수입니다.
c:\users\vivienne\documents\visual studio 2015\projects\win32project5\win32project5\bb.cpp(823): warning C4101: 'y' :참조되지 않은 지역 변수입니다.
c:\users\vivienne\documents\visual studio 2015\projects\win32project5\win32project5\bb.cpp(822): warning C4101: 'bits' :참조되지 않은 지역 변수입니다.
c:\users\vivienne\documents\visual studio 2015\projects\win32project5\win32project5\bb.cpp(806): warning C4101: 'index' :참조되지 않은 지역 변수입니다.
c:\users\vivienne\documents\visual studio 2015\projects\win32project5\win32project5\bb.cpp(841): warning C4101: 'mX' :참조되지 않은 지역 변수입니다.
c:\users\vivienne\documents\visual studio 2015\projects\win32project5\win32project5\bb.cpp(811): warning C4101: 'bmp' :참조되지 않은 지역 변수입니다.
c:\users\vivienne\documents\visual studio 2015\projects\win32project5\win32project5\bb.cpp(820): warning C4101: 'bmfh' :참조되지 않은 지역 변수입니다.
c:\users\vivienne\documents\visual studio 2015\projects\win32project5\win32project5\bb.cpp(842): warning C4101: 'mY' :참조되지 않은 지역 변수입니다.
  Win32Project5.vcxproj -> c:\users\vivienne\documents\visual studio 2015\Projects\Win32Project5\Debug\Win32Project5.exe
